<?xml version="1.0" encoding="UTF-8"?>
<!-- Generated by org.testng.reporters.JUnitReportReporter -->
<testsuite hostname="DESKTOP-25PSB0H" failures="0" tests="1" name="testClassPackage.Post_tc2" time="1.566" errors="0" timestamp="2023-05-26T21:08:36 IST" skipped="0">
  <testcase classname="testClassPackage.Post_tc2" name="execute" time="1.566"/>
  <system-out/>
</testsuite> <!-- testClassPackage.Post_tc2 -->
