<?xml version="1.0" encoding="UTF-8"?>
<!-- Generated by org.testng.reporters.JUnitReportReporter -->
<testsuite hostname="DESKTOP-25PSB0H" failures="0" tests="1" name="testClassPackage.Post_tc1" time="8.720" errors="0" timestamp="2023-05-26T21:08:36 IST" skipped="0">
  <testcase classname="testClassPackage.Post_tc1" name="execute" time="8.720"/>
  <system-out/>
</testsuite> <!-- testClassPackage.Post_tc1 -->
